
                            < M A T L A B (R) >
                  Copyright 1984-2013 The MathWorks, Inc.
                    R2013a (8.1.0.604) 64-bit (glnxa64)
                             February 15, 2013

 
To get started, type one of these: helpwin, helpdesk, or demo.
For product information, visit www.mathworks.com.
 

  Point Process Toolbox: v 1.0
Grant Fiddyment  Boston U, 01/2014
 

ans =

     2     1     1


n =

   100


n =

   200


n =

   300


n =

   400


n =

   500


n =

   600


n =

   700


n =

   800


n =

   900


n =

        1000


ans =

     2     1     2


n =

   100


n =

   200


n =

   300


n =

   400


n =

   500


n =

   600


n =

   700


n =

   800


n =

   900


n =

        1000


ans =

     2     1     3


n =

   100


n =

   200


n =

   300


n =

   400


n =

   500


n =

   600


n =

   700


n =

   800


n =

   900


n =

        1000


ans =

     2     1     4


n =

   100


n =

   200


n =

   300


n =

   400


n =

   500


n =

   600


n =

   700


n =

   800


n =

   900


n =

        1000


ans =

     2     1     5


n =

   100


n =

   200


n =

   300


n =

   400


n =

   500


n =

   600


n =

   700


n =

   800


n =

   900


n =

        1000


ans =

     2     2     1


n =

   100


n =

   200


n =

   300


n =

   400


n =

   500


n =

   600


n =

   700


n =

   800


n =

   900


n =

        1000


ans =

     2     2     2


n =

   100


n =

   200


n =

   300


n =

   400


n =

   500


n =

   600


n =

   700


n =

   800


n =

   900


n =

        1000


ans =

     2     2     3


n =

   100


n =

   200


n =

   300


n =

   400


n =

   500


n =

   600


n =

   700


n =

   800


n =

   900


n =

        1000


ans =

     2     2     4


n =

   100


n =

   200


n =

   300


n =

   400


n =

   500


n =

   600


n =

   700


n =

   800


n =

   900


n =

        1000


ans =

     2     2     5


n =

   100


n =

   200


n =

   300


n =

   400


n =

   500


n =

   600


n =

   700


n =

   800


n =

   900


n =

        1000


ans =

     2     3     1


n =

   100


n =

   200


n =

   300


n =

   400


n =

   500


n =

   600


n =

   700


n =

   800


n =

   900


n =

        1000


ans =

     2     3     2


n =

   100


n =

   200


n =

   300


n =

   400


n =

   500


n =

   600


n =

   700


n =

   800


n =

   900


n =

        1000


ans =

     2     3     3


n =

   100


n =

   200


n =

   300


n =

   400


n =

   500


n =

   600


n =

   700


n =

   800


n =

   900


n =

        1000


ans =

     2     3     4


n =

   100


n =

   200


n =

   300


n =

   400


n =

   500


n =

   600


n =

   700


n =

   800


n =

   900


n =

        1000


ans =

     2     3     5


n =

   100


n =

   200


n =

   300


n =

   400


n =

   500


n =

   600


n =

   700


n =

   800


n =

   900


n =

        1000


ans =

     2     3     6


n =

   100


n =

   200


n =

   300


n =

   400


n =

   500


n =

   600


n =

   700


n =

   800


n =

   900


n =

        1000


ans =

     2     3     7


n =

   100


n =

   200


n =

   300


n =

   400


n =

   500


n =

   600


n =

   700


n =

   800


n =

   900


n =

        1000


ans =

     2     4     1


n =

   100


n =

   200


n =

   300


n =

   400


n =

   500


n =

   600


n =

   700


n =

   800


n =

   900


n =

        1000


ans =

     2     4     2


n =

   100


n =

   200


n =

   300


n =

   400


n =

   500


n =

   600


n =

   700


n =

   800


n =

   900


n =

        1000


ans =

     2     4     3


n =

   100


n =

   200


n =

   300


n =

   400


n =

   500


n =

   600


n =

   700


n =

   800


n =

   900


n =

        1000


ans =

     2     4     4


n =

   100


n =

   200


n =

   300


n =

   400


n =

   500


n =

   600


n =

   700


n =

   800


n =

   900


n =

        1000


ans =

     2     4     5


n =

   100


n =

   200


n =

   300


n =

   400


n =

   500


n =

   600


n =

   700


n =

   800


n =

   900


n =

        1000


ans =

     2     4     6


n =

   100


n =

   200


n =

   300


n =

   400


n =

   500


n =

   600


n =

   700


n =

   800


n =

   900


n =

        1000


ans =

     2     4     7


n =

   100


n =

   200


n =

   300


n =

   400


n =

   500


n =

   600


n =

   700


n =

   800


n =

   900


n =

        1000

Your MATLAB session has timed out.  All license keys have been returned.
